<?xml version="1.0" encoding="UTF-8"?>
<!-- Generated by org.testng.reporters.JUnitReportReporter -->
<testsuite hostname="DU1LSITA112PPH" failures="0" tests="3" name="org.browserstack.test.DemoQAStepDef" time="68.533" errors="0" timestamp="2023-09-21T09:12:20 GST" skipped="0">
  <testcase classname="org.browserstack.test.DemoQAStepDef" name="validateApplicationDetails" time="21.093"/>
  <system-out/>
  <testcase classname="org.browserstack.test.DemoQAStepDef" name="validateApplicationDetails" time="16.087"/>
  <system-out/>
  <testcase classname="org.browserstack.test.DemoQAStepDef" name="validateApplicationDetails" time="31.353"/>
  <system-out/>
</testsuite> <!-- org.browserstack.test.DemoQAStepDef -->
